<?xml version="1.0" encoding="UTF-8"?>
<!-- Generated by org.testng.reporters.JUnitXMLReporter -->
<testsuite ignored="0" hostname="Sagar-Tandu" failures="0" tests="4" name="Test" time="8.004" errors="0" timestamp="2022-07-28T09:15:52 IST">
  <testcase classname="Automate.Jenkins1.Login" name="initialize" time="4.972"/>
  <testcase classname="Automate.Jenkins1.Login" name="blank" time="0.269"/>
  <testcase classname="Automate.Jenkins1.Login" name="invalidemail" time="1.454"/>
  <testcase classname="Automate.Jenkins1.Login" name="invalidphone" time="1.272"/>
</testsuite> <!-- Test -->
