<?xml version="1.0" encoding="UTF-8"?>
<!-- Generated by org.testng.reporters.JUnitXMLReporter -->
<testsuite ignored="0" hostname="Sagar-Tandu" failures="0" tests="7" name="Test" time="21.869" errors="0" timestamp="2022-07-27T17:37:22 IST">
  <testcase classname="Automate.Jenkins1.Compose" name="browser" time="5.077"/>
  <testcase classname="Automate.Jenkins1.Compose" name="composeemail" time="11.08"/>
  <testcase classname="Automate.Jenkins1.Compose" name="printText" time="0.0"/>
  <testcase classname="Automate.Jenkins1.Login" name="initialize" time="2.735"/>
  <testcase classname="Automate.Jenkins1.Login" name="blank" time="0.429"/>
  <testcase classname="Automate.Jenkins1.Login" name="invalidemail" time="1.29"/>
  <testcase classname="Automate.Jenkins1.Login" name="invalidphone" time="1.226"/>
</testsuite> <!-- Test -->
