<?xml version="1.0" encoding="UTF-8"?>
<testng-results ignored="0" total="7" passed="7" failed="0" skipped="0">
  <reporter-output>
  </reporter-output>
  <suite started-at="2022-07-27T17:37:00 IST" name="Suite" finished-at="2022-07-27T17:37:22 IST" duration-ms="21869">
    <groups>
    </groups>
    <test started-at="2022-07-27T17:37:00 IST" name="Test" finished-at="2022-07-27T17:37:22 IST" duration-ms="21869">
      <class name="Automate.Jenkins1.Login">
        <test-method signature="initialize()[pri:0, instance:Automate.Jenkins1.Login@7748410a]" started-at="2022-07-27T17:37:17 IST" name="initialize" finished-at="2022-07-27T17:37:19 IST" duration-ms="2735" status="PASS">
          <reporter-output>
          </reporter-output>
        </test-method> <!-- initialize -->
        <test-method signature="blank()[pri:1, instance:Automate.Jenkins1.Login@7748410a]" started-at="2022-07-27T17:37:19 IST" name="blank" finished-at="2022-07-27T17:37:20 IST" duration-ms="429" status="PASS">
          <reporter-output>
          </reporter-output>
        </test-method> <!-- blank -->
        <test-method signature="invalidemail()[pri:2, instance:Automate.Jenkins1.Login@7748410a]" started-at="2022-07-27T17:37:20 IST" name="invalidemail" finished-at="2022-07-27T17:37:21 IST" duration-ms="1290" status="PASS">
          <reporter-output>
          </reporter-output>
        </test-method> <!-- invalidemail -->
        <test-method signature="invalidphone()[pri:3, instance:Automate.Jenkins1.Login@7748410a]" started-at="2022-07-27T17:37:21 IST" name="invalidphone" finished-at="2022-07-27T17:37:22 IST" duration-ms="1226" status="PASS">
          <reporter-output>
          </reporter-output>
        </test-method> <!-- invalidphone -->
      </class> <!-- Automate.Jenkins1.Login -->
      <class name="Automate.Jenkins1.Compose">
        <test-method signature="browser()[pri:0, instance:Automate.Jenkins1.Compose@5609159b]" started-at="2022-07-27T17:37:00 IST" name="browser" finished-at="2022-07-27T17:37:06 IST" duration-ms="5077" status="PASS">
          <reporter-output>
          </reporter-output>
        </test-method> <!-- browser -->
        <test-method signature="composeemail()[pri:0, instance:Automate.Jenkins1.Compose@5609159b]" started-at="2022-07-27T17:37:06 IST" name="composeemail" finished-at="2022-07-27T17:37:17 IST" duration-ms="11080" status="PASS">
          <reporter-output>
          </reporter-output>
        </test-method> <!-- composeemail -->
        <test-method signature="printText()[pri:0, instance:Automate.Jenkins1.Compose@5609159b]" started-at="2022-07-27T17:37:17 IST" name="printText" finished-at="2022-07-27T17:37:17 IST" duration-ms="0" status="PASS">
          <reporter-output>
          </reporter-output>
        </test-method> <!-- printText -->
      </class> <!-- Automate.Jenkins1.Compose -->
    </test> <!-- Test -->
  </suite> <!-- Suite -->
</testng-results>
