<?xml version="1.0" encoding="UTF-8"?>
<testng-results ignored="0" total="4" passed="4" failed="0" skipped="0">
  <reporter-output>
  </reporter-output>
  <suite started-at="2022-07-28T09:15:44 IST" name="Suite" finished-at="2022-07-28T09:15:52 IST" duration-ms="8004">
    <groups>
    </groups>
    <test started-at="2022-07-28T09:15:44 IST" name="Test" finished-at="2022-07-28T09:15:52 IST" duration-ms="8004">
      <class name="Automate.Jenkins1.Login">
        <test-method signature="initialize()[pri:0, instance:Automate.Jenkins1.Login@2ed2d9cb]" started-at="2022-07-28T09:15:44 IST" name="initialize" finished-at="2022-07-28T09:15:49 IST" duration-ms="4972" status="PASS">
          <reporter-output>
          </reporter-output>
        </test-method> <!-- initialize -->
        <test-method signature="blank()[pri:1, instance:Automate.Jenkins1.Login@2ed2d9cb]" started-at="2022-07-28T09:15:49 IST" name="blank" finished-at="2022-07-28T09:15:49 IST" duration-ms="269" status="PASS">
          <reporter-output>
          </reporter-output>
        </test-method> <!-- blank -->
        <test-method signature="invalidemail()[pri:2, instance:Automate.Jenkins1.Login@2ed2d9cb]" started-at="2022-07-28T09:15:49 IST" name="invalidemail" finished-at="2022-07-28T09:15:51 IST" duration-ms="1454" status="PASS">
          <reporter-output>
          </reporter-output>
        </test-method> <!-- invalidemail -->
        <test-method signature="invalidphone()[pri:3, instance:Automate.Jenkins1.Login@2ed2d9cb]" started-at="2022-07-28T09:15:51 IST" name="invalidphone" finished-at="2022-07-28T09:15:52 IST" duration-ms="1272" status="PASS">
          <reporter-output>
          </reporter-output>
        </test-method> <!-- invalidphone -->
      </class> <!-- Automate.Jenkins1.Login -->
    </test> <!-- Test -->
  </suite> <!-- Suite -->
</testng-results>
